Model(
  (cnn): Sequential(
    (0): Conv2d(3, 64, kernel_size=(3, 3), stride=(1, 1), padding=(1, 1))
    (1): ReLU(inplace=True)
    (2): MaxPool2d(kernel_size=3, stride=3, padding=0, dilation=1, ceil_mode=False)
    (3): Conv2d(64, 128, kernel_size=(3, 3), stride=(1, 1), padding=(1, 1))
    (4): ReLU(inplace=True)
    (5): MaxPool2d(kernel_size=3, stride=3, padding=0, dilation=1, ceil_mode=False)
    (6): Conv2d(128, 256, kernel_size=(3, 3), stride=(1, 1), padding=(1, 1))
    (7): ReLU(inplace=True)
    (8): MaxPool2d(kernel_size=7, stride=7, padding=0, dilation=1, ceil_mode=False)
  )
  (fc): Sequential(
    (0): Linear(in_features=4096, out_features=1024, bias=True)
    (1): ReLU(inplace=True)
    (2): Dropout(p=0.5, inplace=False)
    (3): Linear(in_features=1024, out_features=2, bias=True)
  )
)
Epoch: 0
	 train-> loss: 0.5387, acc: 0.6860
	 test-> loss: 0.2548, acc: 0.8870, best: 0.8870
Epoch: 1
	 train-> loss: 0.2709, acc: 0.8873
	 test-> loss: 0.2243, acc: 0.9050, best: 0.9050
Epoch: 2
	 train-> loss: 0.2202, acc: 0.9140
	 test-> loss: 0.2036, acc: 0.9240, best: 0.9240
Epoch: 3
	 train-> loss: 0.1395, acc: 0.9470
	 test-> loss: 0.1127, acc: 0.9560, best: 0.9560
Epoch: 4
	 train-> loss: 0.1419, acc: 0.9460
	 test-> loss: 0.0757, acc: 0.9760, best: 0.9760
Epoch: 5
	 train-> loss: 0.0897, acc: 0.9687
	 test-> loss: 0.0646, acc: 0.9780, best: 0.9780
Epoch: 6
	 train-> loss: 0.0599, acc: 0.9830
	 test-> loss: 0.0615, acc: 0.9790, best: 0.9790
Epoch: 7
	 train-> loss: 0.0599, acc: 0.9800
	 test-> loss: 0.0559, acc: 0.9820, best: 0.9820
Epoch: 8
	 train-> loss: 0.0543, acc: 0.9830
	 test-> loss: 0.1569, acc: 0.9330, best: 0.9820
Epoch: 9
	 train-> loss: 0.0472, acc: 0.9853
	 test-> loss: 0.0513, acc: 0.9810, best: 0.9820
Epoch: 10
	 train-> loss: 0.0332, acc: 0.9903
	 test-> loss: 0.0434, acc: 0.9880, best: 0.9880
Epoch: 11
	 train-> loss: 0.0395, acc: 0.9873
	 test-> loss: 0.0408, acc: 0.9860, best: 0.9880
Epoch: 12
	 train-> loss: 0.0335, acc: 0.9900
	 test-> loss: 0.0393, acc: 0.9860, best: 0.9880
Epoch: 13
	 train-> loss: 0.0246, acc: 0.9937
	 test-> loss: 0.0340, acc: 0.9880, best: 0.9880
Epoch: 14
	 train-> loss: 0.0287, acc: 0.9913
	 test-> loss: 0.0334, acc: 0.9890, best: 0.9890

 Missing keys : [], Unexpected Keys: [], Accuracy: 0.989
KanyeWest_YTScrape_BigBoyTV.00295_0.jpg -> CNN: True, Lap: False
KanyeWest_YTScrape_BigBoyTV.00099_0.jpg -> CNN: True, Lap: False
KanyeWest_YTScrape_BigBoyTV.00614_0.jpg -> CNN: True, Lap: False
KanyeWest_YTScrape_BigBoyTV.00989_0.jpg -> CNN: True, Lap: False
KanyeWest_YTScrape_BigBoyTV.00068_0.jpg -> CNN: True, Lap: False
KanyeWest_YTScrape_BigBoyTV.00348_0.jpg -> CNN: False, Lap: True
KanyeWest_YTScrape_BigBoyTV.00281_0.jpg -> CNN: True, Lap: False
KanyeWest_YTScrape_BigBoyTV.00097_0.jpg -> CNN: True, Lap: False
KanyeWest_YTScrape_BigBoyTV.00104_0.jpg -> CNN: True, Lap: False
KanyeWest_YTScrape_BigBoyTV.00851_0.jpg -> CNN: True, Lap: False
KanyeWest_YTScrape_BigBoyTV.00294_0.jpg -> CNN: True, Lap: False
KanyeWest_YTScrape_BigBoyTV.00829_0.jpg -> CNN: True, Lap: False
KanyeWest_YTScrape_BigBoyTV.00098_0.jpg -> CNN: True, Lap: False
KanyeWest_YTScrape_BigBoyTV.00798_0.jpg -> CNN: True, Lap: False
KanyeWest_YTScrape_BigBoyTV.00291_0.jpg -> CNN: True, Lap: False
KanyeWest_YTScrape_BigBoyTV.00800_0.jpg -> CNN: True, Lap: False
KanyeWest_YTScrape_BigBoyTV.00296_0.jpg -> CNN: True, Lap: False
KanyeWest_YTScrape_BigBoyTV.00030_0.jpg -> CNN: False, Lap: True
KanyeWest_YTScrape_BigBoyTV.00112_0.jpg -> CNN: True, Lap: False
KanyeWest_YTScrape_BigBoyTV.00483_0.jpg -> CNN: True, Lap: False
KanyeWest_YTScrape_BigBoyTV.00043_0.jpg -> CNN: True, Lap: False
KanyeWest_YTScrape_BigBoyTV.00031_0.jpg -> CNN: True, Lap: False
KanyeWest_YTScrape_BigBoyTV.00349_0.jpg -> CNN: False, Lap: True
KanyeWest_YTScrape_BigBoyTV.00522_0.jpg -> CNN: True, Lap: False
KanyeWest_YTScrape_BigBoyTV.00518_0.jpg -> CNN: True, Lap: False
KanyeWest_YTScrape_BigBoyTV.00292_0.jpg -> CNN: True, Lap: False
KanyeWest_YTScrape_BigBoyTV.00828_0.jpg -> CNN: True, Lap: False
KanyeWest_YTScrape_BigBoyTV.00038_0.jpg -> CNN: False, Lap: True
KanyeWest_YTScrape_BigBoyTV.00826_0.jpg -> CNN: True, Lap: False
KanyeWest_YTScrape_BigBoyTV.00802_0.jpg -> CNN: True, Lap: False
KanyeWest_YTScrape_BigBoyTV.00888_0.jpg -> CNN: True, Lap: False
KanyeWest_YTScrape_BigBoyTV.00746_0.jpg -> CNN: True, Lap: False
KanyeWest_YTScrape_BigBoyTV.00975_0.jpg -> CNN: True, Lap: False
KanyeWest_YTScrape_BigBoyTV.00008_0.jpg -> CNN: True, Lap: False
KanyeWest_YTScrape_BigBoyTV.00962_0.jpg -> CNN: False, Lap: True
KanyeWest_YTScrape_BigBoyTV.00482_0.jpg -> CNN: True, Lap: False
KanyeWest_YTScrape_BigBoyTV.00976_0.jpg -> CNN: True, Lap: False
KanyeWest_YTScrape_BigBoyTV.00602_0.jpg -> CNN: True, Lap: False
KanyeWest_YTScrape_BigBoyTV.00282_0.jpg -> CNN: True, Lap: False
KanyeWest_YTScrape_BigBoyTV.00001_0.jpg -> CNN: True, Lap: False
KanyeWest_YTScrape_BigBoyTV.00423_0.jpg -> CNN: True, Lap: False
KanyeWest_YTScrape_BigBoyTV.00039_0.jpg -> CNN: False, Lap: True
KanyeWest_YTScrape_BigBoyTV.00052_0.jpg -> CNN: True, Lap: False
KanyeWest_YTScrape_BigBoyTV.00056_0.jpg -> CNN: True, Lap: False
KanyeWest_YTScrape_BigBoyTV.00051_0.jpg -> CNN: True, Lap: False
KanyeWest_YTScrape_BigBoyTV.00370_0.jpg -> CNN: False, Lap: True
KanyeWest_YTScrape_BigBoyTV.00940_0.jpg -> CNN: True, Lap: False
KanyeWest_YTScrape_BigBoyTV.00041_0.jpg -> CNN: True, Lap: False
KanyeWest_YTScrape_BigBoyTV.00232_0.jpg -> CNN: True, Lap: False
KanyeWest_YTScrape_BigBoyTV.00998_0.jpg -> CNN: True, Lap: False
KanyeWest_YTScrape_BigBoyTV.00801_0.jpg -> CNN: True, Lap: False
KanyeWest_YTScrape_BigBoyTV.00044_0.jpg -> CNN: True, Lap: False
KanyeWest_YTScrape_BigBoyTV.00990_0.jpg -> CNN: True, Lap: False
KanyeWest_YTScrape_BigBoyTV.00897_0.jpg -> CNN: True, Lap: False
KanyeWest_YTScrape_BigBoyTV.00045_0.jpg -> CNN: True, Lap: False
KanyeWest_YTScrape_BigBoyTV.00766_0.jpg -> CNN: True, Lap: False
KanyeWest_YTScrape_BigBoyTV.00009_0.jpg -> CNN: True, Lap: False
KanyeWest_YTScrape_BigBoyTV.00963_0.jpg -> CNN: True, Lap: False
KanyeWest_YTScrape_BigBoyTV.00758_0.jpg -> CNN: True, Lap: False
KanyeWest_YTScrape_BigBoyTV.00889_0.jpg -> CNN: True, Lap: False
KanyeWest_YTScrape_BigBoyTV.00977_0.jpg -> CNN: True, Lap: False
KanyeWest_YTScrape_BigBoyTV.00973_0.jpg -> CNN: True, Lap: False
# Blurred images identified by CNN : 99
# Blurred images identified by Laplacian : 51
# Common images between CNN and Laplacian : 44
